c:\users\student\desktop\nextgame\nextgame\x64\debug\vc143.pdb
c:\users\student\desktop\nextgame\nextgame\x64\debug\vc143.idb
c:\users\student\desktop\nextgame\nextgame\x64\debug\worldsprite.obj
c:\users\student\desktop\nextgame\nextgame\x64\debug\posgetter.obj
c:\users\student\desktop\nextgame\nextgame\x64\debug\main.obj
c:\users\student\desktop\nextgame\nextgame\x64\debug\player.obj
c:\users\student\desktop\nextgame\nextgame\x64\debug\map.obj
c:\users\student\desktop\nextgame\nextgame\x64\debug\loader.obj
c:\users\student\desktop\nextgame\nextgame\x64\debug\collision.obj
c:\users\student\desktop\nextgame\nextgame\x64\debug\camera.obj
c:\users\student\desktop\nextgame\x64\debug\nextgame.exe
c:\users\student\desktop\nextgame\x64\debug\nextgame.pdb
c:\users\student\desktop\nextgame\nextgame\x64\debug\nextgame.ilk
c:\users\student\desktop\nextgame\nextgame\x64\debug\ソース.obj
c:\users\student\desktop\nextgame\nextgame\x64\debug\player.obj.enc
c:\users\student\desktop\nextgame\nextgame\x64\debug\nextgame.tlog\cl.command.1.tlog
c:\users\student\desktop\nextgame\nextgame\x64\debug\nextgame.tlog\cl.items.tlog
c:\users\student\desktop\nextgame\nextgame\x64\debug\nextgame.tlog\cl.read.1.tlog
c:\users\student\desktop\nextgame\nextgame\x64\debug\nextgame.tlog\cl.write.1.tlog
c:\users\student\desktop\nextgame\nextgame\x64\debug\nextgame.tlog\link.command.1.tlog
c:\users\student\desktop\nextgame\nextgame\x64\debug\nextgame.tlog\link.read.1.tlog
c:\users\student\desktop\nextgame\nextgame\x64\debug\nextgame.tlog\link.secondary.1.tlog
c:\users\student\desktop\nextgame\nextgame\x64\debug\nextgame.tlog\link.write.1.tlog
